<?xml version="1.0" encoding="utf-8"?><testsuites><testsuite name="pytest" errors="0" failures="0" skipped="0" tests="30" time="22.559" timestamp="2026-07-19T17:48:37.827952+00:00" hostname="agent-env-3e295af5-2bfc-4745-b3a3-3b12451cf1df"><testcase classname="tests.test_supplyos_e2e.TestHealthAndSetup" name="test_health_deep" time="0.135" /><testcase classname="tests.test_supplyos_e2e.TestHealthAndSetup" name="test_setup_status_complete" time="0.098" /><testcase classname="tests.test_supplyos_e2e.TestAuth" name="test_login_sets_cookies_and_returns_token" time="0.372" /><testcase classname="tests.test_supplyos_e2e.TestAuth" name="test_me_returns_admin_profile" time="0.389" /><testcase classname="tests.test_supplyos_e2e.TestSettings" name="test_get_settings_returns_inr_defaults" time="0.238" /><testcase classname="tests.test_supplyos_e2e.TestSettings" name="test_patch_settings_super_admin" time="0.158" /><testcase classname="tests.test_supplyos_e2e.TestProductsWarehousesInventory" name="test_create_product_basmati_rice" time="0.145" /><testcase classname="tests.test_supplyos_e2e.TestProductsWarehousesInventory" name="test_create_warehouse" time="0.061" /><testcase classname="tests.test_supplyos_e2e.TestProductsWarehousesInventory" name="test_adjust_stock_plus_500" time="0.063" /><testcase classname="tests.test_supplyos_e2e.TestProductsWarehousesInventory" name="test_list_inventory_shows_new_row" time="0.051" /><testcase classname="tests.test_supplyos_e2e.TestProductsWarehousesInventory" name="test_inventory_stats" time="0.063" /><testcase classname="tests.test_supplyos_e2e.TestCustomerAndPricing" name="test_create_credit_customer" time="0.088" /><testcase classname="tests.test_supplyos_e2e.TestCustomerAndPricing" name="test_customer_price_override" time="0.084" /><testcase classname="tests.test_supplyos_e2e.TestCustomerAndPricing" name="test_pricing_resolve_returns_override" time="0.055" /><testcase classname="tests.test_supplyos_e2e.TestOrderFlow" name="test_create_order_uses_override_price_and_gst" time="0.125" /><testcase classname="tests.test_supplyos_e2e.TestOrderFlow" name="test_confirm_order" time="0.056" /><testcase classname="tests.test_supplyos_e2e.TestOrderFlow" name="test_reserve_order_locks_inventory" time="0.118" /><testcase classname="tests.test_supplyos_e2e.TestOrderFlow" name="test_second_order_insufficient_stock_returns_409" time="0.163" /><testcase classname="tests.test_supplyos_e2e.TestOrderFlow" name="test_advance_pick_pack_dispatch_creates_delivery" time="0.274" /><testcase classname="tests.test_supplyos_e2e.TestOrderFlow" name="test_cancel_second_order_releases_reservation_none" time="0.108" /><testcase classname="tests.test_supplyos_e2e.TestDeliveryAndLedger" name="test_deliver_order" time="0.061" /><testcase classname="tests.test_supplyos_e2e.TestDeliveryAndLedger" name="test_ledger_has_debit_entry" time="0.047" /><testcase classname="tests.test_supplyos_e2e.TestDeliveryAndLedger" name="test_order_stats" time="0.052" /><testcase classname="tests.test_supplyos_e2e.TestCancellationReleasesReservation" name="test_cancel_pending_order_releases" time="0.369" /><testcase classname="tests.test_supplyos_e2e.TestAISupervisor" name="test_analyze_returns_counts" time="0.056" /><testcase classname="tests.test_supplyos_e2e.TestAISupervisor" name="test_analyze_with_summary_and_claude" time="18.144" /><testcase classname="tests.test_supplyos_e2e.TestAISupervisor" name="test_list_and_dismiss_alert" time="0.111" /><testcase classname="tests.test_supplyos_e2e.TestRBACCustomerRole" name="test_customer_can_list_inventory" time="0.746" /><testcase classname="tests.test_supplyos_e2e.TestRBACCustomerRole" name="test_customer_cannot_adjust_inventory" time="0.047" /><testcase classname="tests.test_supplyos_e2e.TestRBACCustomerRole" name="test_customer_cannot_patch_settings" time="0.049" /></testsuite></testsuites>